android/build/outputs/logs/manifest-merger-release-report.txt
-- Merging decision tree log ---
manifest
ADDED from PokeDroid\android\AndroidManifest.xml:2:1-27:12
	package
		ADDED from PokeDroid\android\AndroidManifest.xml:3:5-36
	android:versionName
		ADDED from PokeDroid\android\AndroidManifest.xml:5:5-30
		INJECTED from PokeDroid\android\AndroidManifest.xml
		INJECTED from PokeDroid\android\AndroidManifest.xml
	android:versionCode
		ADDED from PokeDroid\android\AndroidManifest.xml:4:5-28
		INJECTED from PokeDroid\android\AndroidManifest.xml
		INJECTED from PokeDroid\android\AndroidManifest.xml
	xmlns:android
		ADDED from PokeDroid\android\AndroidManifest.xml:2:11-69
uses-sdk
ADDED from PokeDroid\android\AndroidManifest.xml:7:5-73
	android:targetSdkVersion
		ADDED from PokeDroid\android\AndroidManifest.xml:7:41-70
	android:minSdkVersion
		ADDED from PokeDroid\android\AndroidManifest.xml:7:15-40
uses-permission#android.permission.WAKE_LOCK
ADDED from PokeDroid\android\AndroidManifest.xml:8:5-67
	android:name
		ADDED from PokeDroid\android\AndroidManifest.xml:8:22-65
application
ADDED from PokeDroid\android\AndroidManifest.xml:10:5-25:19
	android:label
		ADDED from PokeDroid\android\AndroidManifest.xml:13:9-41
	android:allowBackup
		ADDED from PokeDroid\android\AndroidManifest.xml:11:9-35
	android:icon
		ADDED from PokeDroid\android\AndroidManifest.xml:12:9-45
	android:theme
		ADDED from PokeDroid\android\AndroidManifest.xml:14:9-40
	android:isGame
		ADDED from PokeDroid\android\AndroidManifest.xml:14:41-62
activity#com.pokedroid.android.AndroidLauncher
ADDED from PokeDroid\android\AndroidManifest.xml:15:9-24:20
	android:screenOrientation
		ADDED from PokeDroid\android\AndroidManifest.xml:18:13-50
	android:label
		ADDED from PokeDroid\android\AndroidManifest.xml:17:13-45
	android:configChanges
		ADDED from PokeDroid\android\AndroidManifest.xml:19:13-83
	android:name
		ADDED from PokeDroid\android\AndroidManifest.xml:16:13-65
intent-filter#android.intent.action.MAIN+android.intent.category.LAUNCHER
ADDED from PokeDroid\android\AndroidManifest.xml:20:13-23:29
action#android.intent.action.MAIN
ADDED from PokeDroid\android\AndroidManifest.xml:21:17-69
	android:name
		ADDED from PokeDroid\android\AndroidManifest.xml:21:25-66
category#android.intent.category.LAUNCHER
ADDED from PokeDroid\android\AndroidManifest.xml:22:17-77
	android:name
		ADDED from PokeDroid\android\AndroidManifest.xml:22:27-74